[INFO  - 2019-12-25T02:10:38.573Z] GhostDriver - Main - running on port 49186
[INFO  - 2019-12-25T02:10:42.864Z] Session [c118f6c0-26bb-11ea-955e-09ac3c83fd69] - page.settings - {"XSSAuditingEnabled":false,"javascriptCanCloseWindows":true,"javascriptCanOpenWindows":true,"javascriptEnabled":true,"loadImages":true,"localToRemoteUrlAccessEnabled":false,"userAgent":"Mozilla/5.0 (Windows NT 6.2; WOW64) AppleWebKit/538.1 (KHTML, like Gecko) PhantomJS/2.1.1 Safari/538.1","webSecurityEnabled":true}
[INFO  - 2019-12-25T02:10:42.864Z] Session [c118f6c0-26bb-11ea-955e-09ac3c83fd69] - page.customHeaders:  - {}
[INFO  - 2019-12-25T02:10:42.865Z] Session [c118f6c0-26bb-11ea-955e-09ac3c83fd69] - Session.negotiatedCapabilities - {"browserName":"phantomjs","version":"2.1.1","driverName":"ghostdriver","driverVersion":"1.2.0","platform":"windows-10-32bit","javascriptEnabled":true,"takesScreenshot":true,"handlesAlerts":false,"databaseEnabled":false,"locationContextEnabled":false,"applicationCacheEnabled":false,"browserConnectionEnabled":false,"cssSelectorsEnabled":true,"webStorageEnabled":false,"rotatable":false,"acceptSslCerts":false,"nativeEvents":true,"proxy":{"proxyType":"direct"}}
[INFO  - 2019-12-25T02:10:42.865Z] SessionManagerReqHand - _postNewSessionCommand - New Session Created: c118f6c0-26bb-11ea-955e-09ac3c83fd69
[ERROR - 2019-12-25T02:10:44.619Z] Session [c118f6c0-26bb-11ea-955e-09ac3c83fd69] - page.onError - msg: kg/home-2017/1.4.17/common/inject is not loaded! can not find module in path : https://g.alicdn.com/kg/??home-2017/1.4.17/common/inject-min.js,home-2017/1.4.17/c/shop/index-min.js,home-2017/1.4.17/c/sale/index-min.js,home-2017/1.4.17/c/live/index-min.js,home-2017/1.4.17/c/hotsale/index-min.js,home-2017/1.4.17/c/helper/index-min.js,home-2017/1.4.17/c/goods/index-min.js,home-2017/1.4.17/c/shopping/index-min.js,home-2017/1.4.17/c/qiang/index-min.js,home-2017/1.4.17/c/fashion/index-min.js,home-2017/1.4.17/c/quality/index-min.js,home-2017/1.4.17/c/afford/index-min.js

  phantomjs://platform/console++.js:263 in error
[ERROR - 2019-12-25T02:10:44.619Z] Session [c118f6c0-26bb-11ea-955e-09ac3c83fd69] - page.onError - stack:
  (anonymous function) (https://g.alicdn.com/??kissy/k/6.2.4/seed-min.js,kg/global-util/1.0.7/index-min.js,tb/tracker/4.3.12/index.js,kg/tb-nav/2.5.8/index-min.js,secdev/sufei_data/3.3.5/index.js:5)

  phantomjs://platform/console++.js:263 in error
[ERROR - 2019-12-25T02:10:44.619Z] Session [c118f6c0-26bb-11ea-955e-09ac3c83fd69] - page.onError - msg: kg/home-2017/1.4.17/c/shop/index is not loaded! can not find module in path : https://g.alicdn.com/kg/??home-2017/1.4.17/common/inject-min.js,home-2017/1.4.17/c/shop/index-min.js,home-2017/1.4.17/c/sale/index-min.js,home-2017/1.4.17/c/live/index-min.js,home-2017/1.4.17/c/hotsale/index-min.js,home-2017/1.4.17/c/helper/index-min.js,home-2017/1.4.17/c/goods/index-min.js,home-2017/1.4.17/c/shopping/index-min.js,home-2017/1.4.17/c/qiang/index-min.js,home-2017/1.4.17/c/fashion/index-min.js,home-2017/1.4.17/c/quality/index-min.js,home-2017/1.4.17/c/afford/index-min.js

  phantomjs://platform/console++.js:263 in error
[ERROR - 2019-12-25T02:10:44.619Z] Session [c118f6c0-26bb-11ea-955e-09ac3c83fd69] - page.onError - stack:
  (anonymous function) (https://g.alicdn.com/??kissy/k/6.2.4/seed-min.js,kg/global-util/1.0.7/index-min.js,tb/tracker/4.3.12/index.js,kg/tb-nav/2.5.8/index-min.js,secdev/sufei_data/3.3.5/index.js:5)

  phantomjs://platform/console++.js:263 in error
[ERROR - 2019-12-25T02:10:44.619Z] Session [c118f6c0-26bb-11ea-955e-09ac3c83fd69] - page.onError - msg: kg/home-2017/1.4.17/c/sale/index is not loaded! can not find module in path : https://g.alicdn.com/kg/??home-2017/1.4.17/common/inject-min.js,home-2017/1.4.17/c/shop/index-min.js,home-2017/1.4.17/c/sale/index-min.js,home-2017/1.4.17/c/live/index-min.js,home-2017/1.4.17/c/hotsale/index-min.js,home-2017/1.4.17/c/helper/index-min.js,home-2017/1.4.17/c/goods/index-min.js,home-2017/1.4.17/c/shopping/index-min.js,home-2017/1.4.17/c/qiang/index-min.js,home-2017/1.4.17/c/fashion/index-min.js,home-2017/1.4.17/c/quality/index-min.js,home-2017/1.4.17/c/afford/index-min.js

  phantomjs://platform/console++.js:263 in error
[ERROR - 2019-12-25T02:10:44.620Z] Session [c118f6c0-26bb-11ea-955e-09ac3c83fd69] - page.onError - stack:
  (anonymous function) (https://g.alicdn.com/??kissy/k/6.2.4/seed-min.js,kg/global-util/1.0.7/index-min.js,tb/tracker/4.3.12/index.js,kg/tb-nav/2.5.8/index-min.js,secdev/sufei_data/3.3.5/index.js:5)

  phantomjs://platform/console++.js:263 in error
[ERROR - 2019-12-25T02:10:44.620Z] Session [c118f6c0-26bb-11ea-955e-09ac3c83fd69] - page.onError - msg: kg/home-2017/1.4.17/c/live/index is not loaded! can not find module in path : https://g.alicdn.com/kg/??home-2017/1.4.17/common/inject-min.js,home-2017/1.4.17/c/shop/index-min.js,home-2017/1.4.17/c/sale/index-min.js,home-2017/1.4.17/c/live/index-min.js,home-2017/1.4.17/c/hotsale/index-min.js,home-2017/1.4.17/c/helper/index-min.js,home-2017/1.4.17/c/goods/index-min.js,home-2017/1.4.17/c/shopping/index-min.js,home-2017/1.4.17/c/qiang/index-min.js,home-2017/1.4.17/c/fashion/index-min.js,home-2017/1.4.17/c/quality/index-min.js,home-2017/1.4.17/c/afford/index-min.js

  phantomjs://platform/console++.js:263 in error
[ERROR - 2019-12-25T02:10:44.620Z] Session [c118f6c0-26bb-11ea-955e-09ac3c83fd69] - page.onError - stack:
  (anonymous function) (https://g.alicdn.com/??kissy/k/6.2.4/seed-min.js,kg/global-util/1.0.7/index-min.js,tb/tracker/4.3.12/index.js,kg/tb-nav/2.5.8/index-min.js,secdev/sufei_data/3.3.5/index.js:5)

  phantomjs://platform/console++.js:263 in error
[ERROR - 2019-12-25T02:10:44.620Z] Session [c118f6c0-26bb-11ea-955e-09ac3c83fd69] - page.onError - msg: kg/home-2017/1.4.17/c/hotsale/index is not loaded! can not find module in path : https://g.alicdn.com/kg/??home-2017/1.4.17/common/inject-min.js,home-2017/1.4.17/c/shop/index-min.js,home-2017/1.4.17/c/sale/index-min.js,home-2017/1.4.17/c/live/index-min.js,home-2017/1.4.17/c/hotsale/index-min.js,home-2017/1.4.17/c/helper/index-min.js,home-2017/1.4.17/c/goods/index-min.js,home-2017/1.4.17/c/shopping/index-min.js,home-2017/1.4.17/c/qiang/index-min.js,home-2017/1.4.17/c/fashion/index-min.js,home-2017/1.4.17/c/quality/index-min.js,home-2017/1.4.17/c/afford/index-min.js

  phantomjs://platform/console++.js:263 in error
[ERROR - 2019-12-25T02:10:44.620Z] Session [c118f6c0-26bb-11ea-955e-09ac3c83fd69] - page.onError - stack:
  (anonymous function) (https://g.alicdn.com/??kissy/k/6.2.4/seed-min.js,kg/global-util/1.0.7/index-min.js,tb/tracker/4.3.12/index.js,kg/tb-nav/2.5.8/index-min.js,secdev/sufei_data/3.3.5/index.js:5)

  phantomjs://platform/console++.js:263 in error
[ERROR - 2019-12-25T02:10:44.620Z] Session [c118f6c0-26bb-11ea-955e-09ac3c83fd69] - page.onError - msg: kg/home-2017/1.4.17/c/helper/index is not loaded! can not find module in path : https://g.alicdn.com/kg/??home-2017/1.4.17/common/inject-min.js,home-2017/1.4.17/c/shop/index-min.js,home-2017/1.4.17/c/sale/index-min.js,home-2017/1.4.17/c/live/index-min.js,home-2017/1.4.17/c/hotsale/index-min.js,home-2017/1.4.17/c/helper/index-min.js,home-2017/1.4.17/c/goods/index-min.js,home-2017/1.4.17/c/shopping/index-min.js,home-2017/1.4.17/c/qiang/index-min.js,home-2017/1.4.17/c/fashion/index-min.js,home-2017/1.4.17/c/quality/index-min.js,home-2017/1.4.17/c/afford/index-min.js

  phantomjs://platform/console++.js:263 in error
[ERROR - 2019-12-25T02:10:44.620Z] Session [c118f6c0-26bb-11ea-955e-09ac3c83fd69] - page.onError - stack:
  (anonymous function) (https://g.alicdn.com/??kissy/k/6.2.4/seed-min.js,kg/global-util/1.0.7/index-min.js,tb/tracker/4.3.12/index.js,kg/tb-nav/2.5.8/index-min.js,secdev/sufei_data/3.3.5/index.js:5)

  phantomjs://platform/console++.js:263 in error
[ERROR - 2019-12-25T02:10:44.620Z] Session [c118f6c0-26bb-11ea-955e-09ac3c83fd69] - page.onError - msg: kg/home-2017/1.4.17/c/goods/index is not loaded! can not find module in path : https://g.alicdn.com/kg/??home-2017/1.4.17/common/inject-min.js,home-2017/1.4.17/c/shop/index-min.js,home-2017/1.4.17/c/sale/index-min.js,home-2017/1.4.17/c/live/index-min.js,home-2017/1.4.17/c/hotsale/index-min.js,home-2017/1.4.17/c/helper/index-min.js,home-2017/1.4.17/c/goods/index-min.js,home-2017/1.4.17/c/shopping/index-min.js,home-2017/1.4.17/c/qiang/index-min.js,home-2017/1.4.17/c/fashion/index-min.js,home-2017/1.4.17/c/quality/index-min.js,home-2017/1.4.17/c/afford/index-min.js

  phantomjs://platform/console++.js:263 in error
[ERROR - 2019-12-25T02:10:44.620Z] Session [c118f6c0-26bb-11ea-955e-09ac3c83fd69] - page.onError - stack:
  (anonymous function) (https://g.alicdn.com/??kissy/k/6.2.4/seed-min.js,kg/global-util/1.0.7/index-min.js,tb/tracker/4.3.12/index.js,kg/tb-nav/2.5.8/index-min.js,secdev/sufei_data/3.3.5/index.js:5)

  phantomjs://platform/console++.js:263 in error
[ERROR - 2019-12-25T02:10:44.620Z] Session [c118f6c0-26bb-11ea-955e-09ac3c83fd69] - page.onError - msg: kg/home-2017/1.4.17/c/shopping/index is not loaded! can not find module in path : https://g.alicdn.com/kg/??home-2017/1.4.17/common/inject-min.js,home-2017/1.4.17/c/shop/index-min.js,home-2017/1.4.17/c/sale/index-min.js,home-2017/1.4.17/c/live/index-min.js,home-2017/1.4.17/c/hotsale/index-min.js,home-2017/1.4.17/c/helper/index-min.js,home-2017/1.4.17/c/goods/index-min.js,home-2017/1.4.17/c/shopping/index-min.js,home-2017/1.4.17/c/qiang/index-min.js,home-2017/1.4.17/c/fashion/index-min.js,home-2017/1.4.17/c/quality/index-min.js,home-2017/1.4.17/c/afford/index-min.js

  phantomjs://platform/console++.js:263 in error
[ERROR - 2019-12-25T02:10:44.620Z] Session [c118f6c0-26bb-11ea-955e-09ac3c83fd69] - page.onError - stack:
  (anonymous function) (https://g.alicdn.com/??kissy/k/6.2.4/seed-min.js,kg/global-util/1.0.7/index-min.js,tb/tracker/4.3.12/index.js,kg/tb-nav/2.5.8/index-min.js,secdev/sufei_data/3.3.5/index.js:5)

  phantomjs://platform/console++.js:263 in error
[ERROR - 2019-12-25T02:10:44.620Z] Session [c118f6c0-26bb-11ea-955e-09ac3c83fd69] - page.onError - msg: kg/home-2017/1.4.17/c/qiang/index is not loaded! can not find module in path : https://g.alicdn.com/kg/??home-2017/1.4.17/common/inject-min.js,home-2017/1.4.17/c/shop/index-min.js,home-2017/1.4.17/c/sale/index-min.js,home-2017/1.4.17/c/live/index-min.js,home-2017/1.4.17/c/hotsale/index-min.js,home-2017/1.4.17/c/helper/index-min.js,home-2017/1.4.17/c/goods/index-min.js,home-2017/1.4.17/c/shopping/index-min.js,home-2017/1.4.17/c/qiang/index-min.js,home-2017/1.4.17/c/fashion/index-min.js,home-2017/1.4.17/c/quality/index-min.js,home-2017/1.4.17/c/afford/index-min.js

  phantomjs://platform/console++.js:263 in error
[ERROR - 2019-12-25T02:10:44.621Z] Session [c118f6c0-26bb-11ea-955e-09ac3c83fd69] - page.onError - stack:
  (anonymous function) (https://g.alicdn.com/??kissy/k/6.2.4/seed-min.js,kg/global-util/1.0.7/index-min.js,tb/tracker/4.3.12/index.js,kg/tb-nav/2.5.8/index-min.js,secdev/sufei_data/3.3.5/index.js:5)

  phantomjs://platform/console++.js:263 in error
[ERROR - 2019-12-25T02:10:44.621Z] Session [c118f6c0-26bb-11ea-955e-09ac3c83fd69] - page.onError - msg: kg/home-2017/1.4.17/c/fashion/index is not loaded! can not find module in path : https://g.alicdn.com/kg/??home-2017/1.4.17/common/inject-min.js,home-2017/1.4.17/c/shop/index-min.js,home-2017/1.4.17/c/sale/index-min.js,home-2017/1.4.17/c/live/index-min.js,home-2017/1.4.17/c/hotsale/index-min.js,home-2017/1.4.17/c/helper/index-min.js,home-2017/1.4.17/c/goods/index-min.js,home-2017/1.4.17/c/shopping/index-min.js,home-2017/1.4.17/c/qiang/index-min.js,home-2017/1.4.17/c/fashion/index-min.js,home-2017/1.4.17/c/quality/index-min.js,home-2017/1.4.17/c/afford/index-min.js

  phantomjs://platform/console++.js:263 in error
[ERROR - 2019-12-25T02:10:44.621Z] Session [c118f6c0-26bb-11ea-955e-09ac3c83fd69] - page.onError - stack:
  (anonymous function) (https://g.alicdn.com/??kissy/k/6.2.4/seed-min.js,kg/global-util/1.0.7/index-min.js,tb/tracker/4.3.12/index.js,kg/tb-nav/2.5.8/index-min.js,secdev/sufei_data/3.3.5/index.js:5)

  phantomjs://platform/console++.js:263 in error
[ERROR - 2019-12-25T02:10:44.621Z] Session [c118f6c0-26bb-11ea-955e-09ac3c83fd69] - page.onError - msg: kg/home-2017/1.4.17/c/quality/index is not loaded! can not find module in path : https://g.alicdn.com/kg/??home-2017/1.4.17/common/inject-min.js,home-2017/1.4.17/c/shop/index-min.js,home-2017/1.4.17/c/sale/index-min.js,home-2017/1.4.17/c/live/index-min.js,home-2017/1.4.17/c/hotsale/index-min.js,home-2017/1.4.17/c/helper/index-min.js,home-2017/1.4.17/c/goods/index-min.js,home-2017/1.4.17/c/shopping/index-min.js,home-2017/1.4.17/c/qiang/index-min.js,home-2017/1.4.17/c/fashion/index-min.js,home-2017/1.4.17/c/quality/index-min.js,home-2017/1.4.17/c/afford/index-min.js

  phantomjs://platform/console++.js:263 in error
[ERROR - 2019-12-25T02:10:44.621Z] Session [c118f6c0-26bb-11ea-955e-09ac3c83fd69] - page.onError - stack:
  (anonymous function) (https://g.alicdn.com/??kissy/k/6.2.4/seed-min.js,kg/global-util/1.0.7/index-min.js,tb/tracker/4.3.12/index.js,kg/tb-nav/2.5.8/index-min.js,secdev/sufei_data/3.3.5/index.js:5)

  phantomjs://platform/console++.js:263 in error
[ERROR - 2019-12-25T02:10:44.621Z] Session [c118f6c0-26bb-11ea-955e-09ac3c83fd69] - page.onError - msg: kg/home-2017/1.4.17/c/afford/index is not loaded! can not find module in path : https://g.alicdn.com/kg/??home-2017/1.4.17/common/inject-min.js,home-2017/1.4.17/c/shop/index-min.js,home-2017/1.4.17/c/sale/index-min.js,home-2017/1.4.17/c/live/index-min.js,home-2017/1.4.17/c/hotsale/index-min.js,home-2017/1.4.17/c/helper/index-min.js,home-2017/1.4.17/c/goods/index-min.js,home-2017/1.4.17/c/shopping/index-min.js,home-2017/1.4.17/c/qiang/index-min.js,home-2017/1.4.17/c/fashion/index-min.js,home-2017/1.4.17/c/quality/index-min.js,home-2017/1.4.17/c/afford/index-min.js

  phantomjs://platform/console++.js:263 in error
[ERROR - 2019-12-25T02:10:44.621Z] Session [c118f6c0-26bb-11ea-955e-09ac3c83fd69] - page.onError - stack:
  (anonymous function) (https://g.alicdn.com/??kissy/k/6.2.4/seed-min.js,kg/global-util/1.0.7/index-min.js,tb/tracker/4.3.12/index.js,kg/tb-nav/2.5.8/index-min.js,secdev/sufei_data/3.3.5/index.js:5)

  phantomjs://platform/console++.js:263 in error
[ERROR - 2019-12-25T02:10:47.337Z] Session [c118f6c0-26bb-11ea-955e-09ac3c83fd69] - page.onError - msg: kg/search-suggest/6.3.1/index is not loaded! can not find module in path : https://g.alicdn.com/kg/??search-suggest/6.3.1/index-min.js,search-suggest/6.3.1/plugin/history-min.js,search-suggest/6.3.1/plugin/cloud-min.js,search-suggest/6.3.1/plugin/tab-min.js,search-suggest/6.3.1/plugin/history-magic-min.js,search-suggest/6.3.1/plugin/imgsearch-min.js,search-suggest/6.3.1/theme/pailitao/index-min.js

  phantomjs://platform/console++.js:263 in error
[ERROR - 2019-12-25T02:10:47.337Z] Session [c118f6c0-26bb-11ea-955e-09ac3c83fd69] - page.onError - stack:
  (anonymous function) (https://g.alicdn.com/??kissy/k/6.2.4/seed-min.js,kg/global-util/1.0.7/index-min.js,tb/tracker/4.3.12/index.js,kg/tb-nav/2.5.8/index-min.js,secdev/sufei_data/3.3.5/index.js:5)

  phantomjs://platform/console++.js:263 in error
[ERROR - 2019-12-25T02:10:47.337Z] Session [c118f6c0-26bb-11ea-955e-09ac3c83fd69] - page.onError - msg: kg/search-suggest/6.3.1/plugin/history is not loaded! can not find module in path : https://g.alicdn.com/kg/??search-suggest/6.3.1/index-min.js,search-suggest/6.3.1/plugin/history-min.js,search-suggest/6.3.1/plugin/cloud-min.js,search-suggest/6.3.1/plugin/tab-min.js,search-suggest/6.3.1/plugin/history-magic-min.js,search-suggest/6.3.1/plugin/imgsearch-min.js,search-suggest/6.3.1/theme/pailitao/index-min.js

  phantomjs://platform/console++.js:263 in error
[ERROR - 2019-12-25T02:10:47.337Z] Session [c118f6c0-26bb-11ea-955e-09ac3c83fd69] - page.onError - stack:
  (anonymous function) (https://g.alicdn.com/??kissy/k/6.2.4/seed-min.js,kg/global-util/1.0.7/index-min.js,tb/tracker/4.3.12/index.js,kg/tb-nav/2.5.8/index-min.js,secdev/sufei_data/3.3.5/index.js:5)

  phantomjs://platform/console++.js:263 in error
[ERROR - 2019-12-25T02:10:47.337Z] Session [c118f6c0-26bb-11ea-955e-09ac3c83fd69] - page.onError - msg: kg/search-suggest/6.3.1/plugin/cloud is not loaded! can not find module in path : https://g.alicdn.com/kg/??search-suggest/6.3.1/index-min.js,search-suggest/6.3.1/plugin/history-min.js,search-suggest/6.3.1/plugin/cloud-min.js,search-suggest/6.3.1/plugin/tab-min.js,search-suggest/6.3.1/plugin/history-magic-min.js,search-suggest/6.3.1/plugin/imgsearch-min.js,search-suggest/6.3.1/theme/pailitao/index-min.js

  phantomjs://platform/console++.js:263 in error
[ERROR - 2019-12-25T02:10:47.337Z] Session [c118f6c0-26bb-11ea-955e-09ac3c83fd69] - page.onError - stack:
  (anonymous function) (https://g.alicdn.com/??kissy/k/6.2.4/seed-min.js,kg/global-util/1.0.7/index-min.js,tb/tracker/4.3.12/index.js,kg/tb-nav/2.5.8/index-min.js,secdev/sufei_data/3.3.5/index.js:5)

  phantomjs://platform/console++.js:263 in error
[ERROR - 2019-12-25T02:10:47.337Z] Session [c118f6c0-26bb-11ea-955e-09ac3c83fd69] - page.onError - msg: kg/search-suggest/6.3.1/plugin/tab is not loaded! can not find module in path : https://g.alicdn.com/kg/??search-suggest/6.3.1/index-min.js,search-suggest/6.3.1/plugin/history-min.js,search-suggest/6.3.1/plugin/cloud-min.js,search-suggest/6.3.1/plugin/tab-min.js,search-suggest/6.3.1/plugin/history-magic-min.js,search-suggest/6.3.1/plugin/imgsearch-min.js,search-suggest/6.3.1/theme/pailitao/index-min.js

  phantomjs://platform/console++.js:263 in error
[ERROR - 2019-12-25T02:10:47.337Z] Session [c118f6c0-26bb-11ea-955e-09ac3c83fd69] - page.onError - stack:
  (anonymous function) (https://g.alicdn.com/??kissy/k/6.2.4/seed-min.js,kg/global-util/1.0.7/index-min.js,tb/tracker/4.3.12/index.js,kg/tb-nav/2.5.8/index-min.js,secdev/sufei_data/3.3.5/index.js:5)

  phantomjs://platform/console++.js:263 in error
[ERROR - 2019-12-25T02:10:47.337Z] Session [c118f6c0-26bb-11ea-955e-09ac3c83fd69] - page.onError - msg: kg/search-suggest/6.3.1/plugin/history-magic is not loaded! can not find module in path : https://g.alicdn.com/kg/??search-suggest/6.3.1/index-min.js,search-suggest/6.3.1/plugin/history-min.js,search-suggest/6.3.1/plugin/cloud-min.js,search-suggest/6.3.1/plugin/tab-min.js,search-suggest/6.3.1/plugin/history-magic-min.js,search-suggest/6.3.1/plugin/imgsearch-min.js,search-suggest/6.3.1/theme/pailitao/index-min.js

  phantomjs://platform/console++.js:263 in error
[ERROR - 2019-12-25T02:10:47.338Z] Session [c118f6c0-26bb-11ea-955e-09ac3c83fd69] - page.onError - stack:
  (anonymous function) (https://g.alicdn.com/??kissy/k/6.2.4/seed-min.js,kg/global-util/1.0.7/index-min.js,tb/tracker/4.3.12/index.js,kg/tb-nav/2.5.8/index-min.js,secdev/sufei_data/3.3.5/index.js:5)

  phantomjs://platform/console++.js:263 in error
[ERROR - 2019-12-25T02:10:47.338Z] Session [c118f6c0-26bb-11ea-955e-09ac3c83fd69] - page.onError - msg: kg/search-suggest/6.3.1/plugin/imgsearch is not loaded! can not find module in path : https://g.alicdn.com/kg/??search-suggest/6.3.1/index-min.js,search-suggest/6.3.1/plugin/history-min.js,search-suggest/6.3.1/plugin/cloud-min.js,search-suggest/6.3.1/plugin/tab-min.js,search-suggest/6.3.1/plugin/history-magic-min.js,search-suggest/6.3.1/plugin/imgsearch-min.js,search-suggest/6.3.1/theme/pailitao/index-min.js

  phantomjs://platform/console++.js:263 in error
[ERROR - 2019-12-25T02:10:47.338Z] Session [c118f6c0-26bb-11ea-955e-09ac3c83fd69] - page.onError - stack:
  (anonymous function) (https://g.alicdn.com/??kissy/k/6.2.4/seed-min.js,kg/global-util/1.0.7/index-min.js,tb/tracker/4.3.12/index.js,kg/tb-nav/2.5.8/index-min.js,secdev/sufei_data/3.3.5/index.js:5)

  phantomjs://platform/console++.js:263 in error
[ERROR - 2019-12-25T02:10:47.338Z] Session [c118f6c0-26bb-11ea-955e-09ac3c83fd69] - page.onError - msg: kg/search-suggest/6.3.1/theme/pailitao/index is not loaded! can not find module in path : https://g.alicdn.com/kg/??search-suggest/6.3.1/index-min.js,search-suggest/6.3.1/plugin/history-min.js,search-suggest/6.3.1/plugin/cloud-min.js,search-suggest/6.3.1/plugin/tab-min.js,search-suggest/6.3.1/plugin/history-magic-min.js,search-suggest/6.3.1/plugin/imgsearch-min.js,search-suggest/6.3.1/theme/pailitao/index-min.js

  phantomjs://platform/console++.js:263 in error
[ERROR - 2019-12-25T02:10:47.338Z] Session [c118f6c0-26bb-11ea-955e-09ac3c83fd69] - page.onError - stack:
  (anonymous function) (https://g.alicdn.com/??kissy/k/6.2.4/seed-min.js,kg/global-util/1.0.7/index-min.js,tb/tracker/4.3.12/index.js,kg/tb-nav/2.5.8/index-min.js,secdev/sufei_data/3.3.5/index.js:5)

  phantomjs://platform/console++.js:263 in error
